<?xml version="1.0" encoding="UTF-8"?>
<!-- Generated by org.testng.reporters.JUnitXMLReporter -->
<testsuite hostname="Kannapi" ignored="0" name="Test" tests="1" failures="1" timestamp="19 Dec 2022 22:57:45 GMT" time="6.616" errors="0">
  <testcase name="checkAndVerifyParameterWithTestNG" time="0.0" classname="com.obsqura.selenium.pageObjectModel_POM.FormSubmitTest">
    <failure type="java.lang.NullPointerException">
      <![CDATA[java.lang.NullPointerException
	at pages.FormSubmitPageByParameter.submitFormWithParameterTestNG(FormSubmitPageByParameter.java:23)
	at com.obsqura.selenium.pageObjectModel_POM.FormSubmitTest.checkAndVerifyParameterWithTestNG(FormSubmitTest.java:14)
... Removed 25 stack frames]]>
    </failure>
  </testcase> <!-- checkAndVerifyParameterWithTestNG -->
</testsuite> <!-- Test -->
