<?xml version="1.0" encoding="UTF-8"?>
<!-- Generated by org.testng.reporters.JUnitXMLReporter -->
<testsuite hostname="Kannapi" ignored="0" name="Test" tests="2" failures="0" timestamp="27 Nov 2022 21:01:03 GMT" time="15.484" errors="0">
  <testcase name="verifyOperaRadioButtonSelected" time="0.061" classname="com.obsqura.selenium.POMHomeworks.SeleniumBlogspot"/>
  <testcase name="verifyRedCheckboxSelected" time="0.065" classname="com.obsqura.selenium.POMHomeworks.SeleniumBlogspot"/>
</testsuite> <!-- Test -->
