<?xml version="1.0" encoding="UTF-8"?>
<testng-results skipped="0" failed="0" ignored="0" total="1" passed="1">
  <reporter-output>
  </reporter-output>
  <suite name="Default suite" duration-ms="8574" started-at="2022-11-28T10:11:55Z" finished-at="2022-11-28T10:12:03Z">
    <groups>
    </groups>
    <test name="Default test" duration-ms="8574" started-at="2022-11-28T10:11:55Z" finished-at="2022-11-28T10:12:03Z">
      <class name="com.obsqura.selenium.pageObjectModel_POM.SelectInputTest">
        <test-method status="PASS" signature="initialiseBrowser()[pri:0, instance:com.obsqura.selenium.pageObjectModel_POM.SelectInputTest@72d818d1]" name="initialiseBrowser" is-config="true" duration-ms="7790" started-at="2022-11-28T15:41:55Z" finished-at="2022-11-28T15:42:02Z">
          <reporter-output>
          </reporter-output>
        </test-method> <!-- initialiseBrowser -->
        <test-method status="PASS" signature="selectColorAndVerifySelectMultipleInputColor()[pri:0, instance:com.obsqura.selenium.pageObjectModel_POM.SelectInputTest@72d818d1]" name="selectColorAndVerifySelectMultipleInputColor" duration-ms="764" started-at="2022-11-28T15:42:02Z" finished-at="2022-11-28T15:42:03Z">
          <reporter-output>
          </reporter-output>
        </test-method> <!-- selectColorAndVerifySelectMultipleInputColor -->
      </class> <!-- com.obsqura.selenium.pageObjectModel_POM.SelectInputTest -->
    </test> <!-- Default test -->
  </suite> <!-- Default suite -->
</testng-results>
